2023.03.19 21:16:38 INFO  Started: Metals version 0.11.11 in workspace '/Users/malomiquel/projet-scala' for client Visual Studio Code 1.76.1.[0m
SLF4J: No SLF4J providers were found.
SLF4J: Defaulting to no-operation (NOP) logger implementation
SLF4J: See https://www.slf4j.org/codes.html#noProviders for further details.
SLF4J: Class path contains SLF4J bindings targeting slf4j-api versions 1.7.x or earlier.
SLF4J: Ignoring binding found at [jar:file:/Users/malomiquel/Library/Caches/Coursier/v1/https/repo1.maven.org/maven2/com/outr/scribe-slf4j_2.13/3.11.0/scribe-slf4j_2.13-3.11.0.jar!/org/slf4j/impl/StaticLoggerBinder.class]
SLF4J: See https://www.slf4j.org/codes.html#ignoredBindings for an explanation.
2023.03.19 21:16:40 INFO  time: initialize in 2.4s[0m
2023.03.19 21:18:24 WARN  Build server is not auto-connectable.[0m
2023.03.19 21:18:24 WARN  no build tool detected in workspace '/Users/malomiquel/projet-scala'. The most common cause for this problem is that the editor was opened in the wrong working directory, for example if you use sbt then the workspace directory should contain build.sbt. [0m
2023.03.19 21:18:24 WARN  no build target for: /Users/malomiquel/projet-scala/Main.scala[0m
mars 19, 2023 9:18:24 PM org.eclipse.lsp4j.jsonrpc.RemoteEndpoint handleCancellation
AVERTISSEMENT: Unmatched cancel notification for request id 1
mars 19, 2023 9:18:26 PM org.eclipse.lsp4j.jsonrpc.RemoteEndpoint handleCancellation
AVERTISSEMENT: Unmatched cancel notification for request id 6
mars 19, 2023 9:18:26 PM org.eclipse.lsp4j.jsonrpc.RemoteEndpoint handleCancellation
AVERTISSEMENT: Unmatched cancel notification for request id 7
2023.03.19 21:18:45 INFO  no build target found for /Users/malomiquel/projet-scala/Main.scala. Using presentation compiler with project's scala-library version: 3.2.2[0m
2023.03.19 21:18:56 INFO  time: code lens generation in 32s[0m
2023.03.19 21:18:56 INFO  time: code lens generation in 9.01s[0m
2023.03.19 21:18:56 INFO  time: code lens generation in 30s[0m
2023.03.19 21:54:04 WARN  no build target for: /Users/malomiquel/projet-scala/Main.scala[0m
2023.03.19 21:54:23 WARN  no build target for: /Users/malomiquel/projet-scala/Main.scala[0m
2023.03.19 21:54:25 WARN  no build target for: /Users/malomiquel/projet-scala/Main.scala[0m
